# JRE version: Java(TM) SE Runtime Environment (17.0.3.1+2) (build 17.0.3.1+2-LTS-6)
# Java VM: Java HotSpot(TM) 64-Bit Server VM (17.0.3.1+2-LTS-6, mixed mode, sharing, tiered, compressed oops, compressed class ptrs, g1 gc, windows-amd64)
GC Precious Log:
 CPUs: 4 total, 4 available
 Memory: 8067M
 Large Page Support: Disabled
 NUMA Support: Disabled
 Compressed Oops: Enabled (32-bit)
 Heap Region Size: 1M
 Heap Min Capacity: 8M
 Heap Initial Capacity: 128M
 Heap Max Capacity: 512M
 Pre-touch: Disabled
 Parallel Workers: 4
 Concurrent Workers: 1
 Concurrent Refinement Workers: 4
 Periodic GC: Disabled
Heap:
 garbage-first heap   total 227328K, used 183866K [0x00000000e0000000, 0x0000000100000000)
  region size 1024K, 78 young (79872K), 10 survivors (10240K)
 Metaspace       used 6354K, committed 6528K, reserved 1056768K
  class space    used 625K, committed 704K, reserved 1048576K
GC Heap History (20 events):
Event: 6.811 GC heap before
{Heap before GC invocations=11 (full 0):
 garbage-first heap   total 192512K, used 142158K [0x00000000e0000000, 0x0000000100000000)
  region size 1024K, 74 young (75776K), 6 survivors (6144K)
 Metaspace       used 6336K, committed 6528K, reserved 1056768K
  class space    used 625K, committed 704K, reserved 1048576K
}
Event: 6.817 GC heap after
{Heap after GC invocations=12 (full 0):
 garbage-first heap   total 192512K, used 75680K [0x00000000e0000000, 0x0000000100000000)
  region size 1024K, 6 young (6144K), 6 survivors (6144K)
 Metaspace       used 6336K, committed 6528K, reserved 1056768K
  class space    used 625K, committed 704K, reserved 1048576K
}
Event: 7.011 GC heap before
{Heap before GC invocations=12 (full 0):
 garbage-first heap   total 192512K, used 146336K [0x00000000e0000000, 0x0000000100000000)
  region size 1024K, 75 young (76800K), 6 survivors (6144K)
 Metaspace       used 6338K, committed 6528K, reserved 1056768K
  class space    used 625K, committed 704K, reserved 1048576K
}
Event: 7.020 GC heap after
{Heap after GC invocations=13 (full 0):
 garbage-first heap   total 192512K, used 82530K [0x00000000e0000000, 0x0000000100000000)
  region size 1024K, 10 young (10240K), 10 survivors (10240K)
 Metaspace       used 6338K, committed 6528K, reserved 1056768K
  class space    used 625K, committed 704K, reserved 1048576K
}
Event: 7.147 GC heap before
{Heap before GC invocations=13 (full 0):
 garbage-first heap   total 192512K, used 149090K [0x00000000e0000000, 0x0000000100000000)
  region size 1024K, 75 young (76800K), 10 survivors (10240K)
 Metaspace       used 6340K, committed 6528K, reserved 1056768K
  class space    used 625K, committed 704K, reserved 1048576K
}
Event: 7.156 GC heap after
{Heap after GC invocations=14 (full 0):
 garbage-first heap   total 192512K, used 83639K [0x00000000e0000000, 0x0000000100000000)
  region size 1024K, 1 young (1024K), 1 survivors (1024K)
 Metaspace       used 6340K, committed 6528K, reserved 1056768K
  class space    used 625K, committed 704K, reserved 1048576K
}
Event: 7.384 GC heap before
{Heap before GC invocations=14 (full 0):
 garbage-first heap   total 192512K, used 153271K [0x00000000e0000000, 0x0000000100000000)
  region size 1024K, 69 young (70656K), 1 survivors (1024K)
 Metaspace       used 6343K, committed 6528K, reserved 1056768K
  class space    used 625K, committed 704K, reserved 1048576K
}
Event: 7.385 GC heap after
{Heap after GC invocations=15 (full 0):
 garbage-first heap   total 192512K, used 82943K [0x00000000e0000000, 0x0000000100000000)
  region size 1024K, 1 young (1024K), 1 survivors (1024K)
 Metaspace       used 6343K, committed 6528K, reserved 1056768K
  class space    used 625K, committed 704K, reserved 1048576K
}
Event: 7.600 GC heap before
{Heap before GC invocations=15 (full 0):
 garbage-first heap   total 192512K, used 156671K [0x00000000e0000000, 0x0000000100000000)
  region size 1024K, 73 young (74752K), 1 survivors (1024K)
 Metaspace       used 6343K, committed 6528K, reserved 1056768K
  class space    used 625K, committed 704K, reserved 1048576K
}
Event: 7.602 GC heap after
{Heap after GC invocations=16 (full 0):
 garbage-first heap   total 192512K, used 86820K [0x00000000e0000000, 0x0000000100000000)
  region size 1024K, 5 young (5120K), 5 survivors (5120K)
 Metaspace       used 6343K, committed 6528K, reserved 1056768K
  class space    used 625K, committed 704K, reserved 1048576K
}
Event: 7.777 GC heap before
{Heap before GC invocations=16 (full 0):
 garbage-first heap   total 192512K, used 157476K [0x00000000e0000000, 0x0000000100000000)
  region size 1024K, 74 young (75776K), 5 survivors (5120K)
 Metaspace       used 6351K, committed 6528K, reserved 1056768K
  class space    used 625K, committed 704K, reserved 1048576K
}
Event: 7.782 GC heap after
{Heap after GC invocations=17 (full 0):
 garbage-first heap   total 192512K, used 92804K [0x00000000e0000000, 0x0000000100000000)
  region size 1024K, 10 young (10240K), 10 survivors (10240K)
 Metaspace       used 6351K, committed 6528K, reserved 1056768K
  class space    used 625K, committed 704K, reserved 1048576K
}
Event: 7.937 GC heap before
{Heap before GC invocations=17 (full 0):
 garbage-first heap   total 192512K, used 158340K [0x00000000e0000000, 0x0000000100000000)
  region size 1024K, 74 young (75776K), 10 survivors (10240K)
 Metaspace       used 6353K, committed 6528K, reserved 1056768K
  class space    used 625K, committed 704K, reserved 1048576K
}
Event: 7.945 GC heap after
{Heap after GC invocations=18 (full 0):
 garbage-first heap   total 192512K, used 98910K [0x00000000e0000000, 0x0000000100000000)
  region size 1024K, 6 young (6144K), 6 survivors (6144K)
 Metaspace       used 6353K, committed 6528K, reserved 1056768K
  class space    used 625K, committed 704K, reserved 1048576K
}
Event: 8.058 GC heap before
{Heap before GC invocations=18 (full 0):
 garbage-first heap   total 192512K, used 158302K [0x00000000e0000000, 0x0000000100000000)
  region size 1024K, 64 young (65536K), 6 survivors (6144K)
 Metaspace       used 6353K, committed 6528K, reserved 1056768K
  class space    used 625K, committed 704K, reserved 1048576K
}
Event: 8.064 GC heap after
{Heap after GC invocations=19 (full 0):
 garbage-first heap   total 192512K, used 104821K [0x00000000e0000000, 0x0000000100000000)
  region size 1024K, 6 young (6144K), 6 survivors (6144K)
 Metaspace       used 6353K, committed 6528K, reserved 1056768K
  class space    used 625K, committed 704K, reserved 1048576K
}
Event: 8.446 GC heap before
{Heap before GC invocations=20 (full 0):
 garbage-first heap   total 227328K, used 159093K [0x00000000e0000000, 0x0000000100000000)
  region size 1024K, 59 young (60416K), 6 survivors (6144K)
 Metaspace       used 6354K, committed 6528K, reserved 1056768K
  class space    used 625K, committed 704K, reserved 1048576K
}
Event: 8.454 GC heap after
{Heap after GC invocations=21 (full 0):
 garbage-first heap   total 227328K, used 109419K [0x00000000e0000000, 0x0000000100000000)
  region size 1024K, 5 young (5120K), 5 survivors (5120K)
 Metaspace       used 6354K, committed 6528K, reserved 1056768K
  class space    used 625K, committed 704K, reserved 1048576K
}
Event: 8.647 GC heap before
{Heap before GC invocations=21 (full 0):
 garbage-first heap   total 227328K, used 186219K [0x00000000e0000000, 0x0000000100000000)
  region size 1024K, 80 young (81920K), 5 survivors (5120K)
 Metaspace       used 6354K, committed 6528K, reserved 1056768K
  class space    used 625K, committed 704K, reserved 1048576K
}
Event: 8.654 GC heap after
{Heap after GC invocations=22 (full 0):
 garbage-first heap   total 227328K, used 115258K [0x00000000e0000000, 0x0000000100000000)
  region size 1024K, 10 young (10240K), 10 survivors (10240K)
 Metaspace       used 6354K, committed 6528K, reserved 1056768K
  class space    used 625K, committed 704K, reserved 1048576K
}

