# JRE version: Java(TM) SE Runtime Environment (17.0.3.1+2) (build 17.0.3.1+2-LTS-6)
# Java VM: Java HotSpot(TM) 64-Bit Server VM (17.0.3.1+2-LTS-6, mixed mode, sharing, tiered, compressed oops, compressed class ptrs, g1 gc, windows-amd64)
GC Precious Log:
 CPUs: 4 total, 4 available
 Memory: 8067M
 Large Page Support: Disabled
 NUMA Support: Disabled
 Compressed Oops: Enabled (32-bit)
 Heap Region Size: 1M
 Heap Min Capacity: 8M
 Heap Initial Capacity: 128M
 Heap Max Capacity: 2018M
 Pre-touch: Disabled
 Parallel Workers: 4
 Concurrent Workers: 1
 Concurrent Refinement Workers: 4
 Periodic GC: Disabled
Heap:
 garbage-first heap   total 317440K, used 158419K [0x0000000081e00000, 0x0000000100000000)
  region size 1024K, 1 young (1024K), 1 survivors (1024K)
 Metaspace       used 6371K, committed 6528K, reserved 1056768K
  class space    used 625K, committed 704K, reserved 1048576K
GC Heap History (20 events):
Event: 6.617 GC heap after
{Heap after GC invocations=14 (full 0):
 garbage-first heap   total 249856K, used 91677K [0x0000000081e00000, 0x0000000100000000)
  region size 1024K, 15 young (15360K), 15 survivors (15360K)
 Metaspace       used 6354K, committed 6528K, reserved 1056768K
  class space    used 625K, committed 704K, reserved 1048576K
}
Event: 6.964 GC heap before
{Heap before GC invocations=14 (full 0):
 garbage-first heap   total 249856K, used 198173K [0x0000000081e00000, 0x0000000100000000)
  region size 1024K, 119 young (121856K), 15 survivors (15360K)
 Metaspace       used 6359K, committed 6528K, reserved 1056768K
  class space    used 625K, committed 704K, reserved 1048576K
}
Event: 6.974 GC heap after
{Heap after GC invocations=15 (full 0):
 garbage-first heap   total 249856K, used 100130K [0x0000000081e00000, 0x0000000100000000)
  region size 1024K, 15 young (15360K), 15 survivors (15360K)
 Metaspace       used 6359K, committed 6528K, reserved 1056768K
  class space    used 625K, committed 704K, reserved 1048576K
}
Event: 7.272 GC heap before
{Heap before GC invocations=15 (full 0):
 garbage-first heap   total 249856K, used 198434K [0x0000000081e00000, 0x0000000100000000)
  region size 1024K, 111 young (113664K), 15 survivors (15360K)
 Metaspace       used 6360K, committed 6528K, reserved 1056768K
  class space    used 625K, committed 704K, reserved 1048576K
}
Event: 7.286 GC heap after
{Heap after GC invocations=16 (full 0):
 garbage-first heap   total 300032K, used 110393K [0x0000000081e00000, 0x0000000100000000)
  region size 1024K, 10 young (10240K), 10 survivors (10240K)
 Metaspace       used 6360K, committed 6528K, reserved 1056768K
  class space    used 625K, committed 704K, reserved 1048576K
}
Event: 7.955 GC heap before
{Heap before GC invocations=16 (full 0):
 garbage-first heap   total 300032K, used 238393K [0x0000000081e00000, 0x0000000100000000)
  region size 1024K, 135 young (138240K), 10 survivors (10240K)
 Metaspace       used 6360K, committed 6528K, reserved 1056768K
  class space    used 625K, committed 704K, reserved 1048576K
}
Event: 7.967 GC heap after
{Heap after GC invocations=17 (full 0):
 garbage-first heap   total 300032K, used 122367K [0x0000000081e00000, 0x0000000100000000)
  region size 1024K, 12 young (12288K), 12 survivors (12288K)
 Metaspace       used 6360K, committed 6528K, reserved 1056768K
  class space    used 625K, committed 704K, reserved 1048576K
}
Event: 8.230 GC heap before
{Heap before GC invocations=17 (full 0):
 garbage-first heap   total 300032K, used 240127K [0x0000000081e00000, 0x0000000100000000)
  region size 1024K, 127 young (130048K), 12 survivors (12288K)
 Metaspace       used 6360K, committed 6528K, reserved 1056768K
  class space    used 625K, committed 704K, reserved 1048576K
}
Event: 8.238 GC heap after
{Heap after GC invocations=18 (full 0):
 garbage-first heap   total 300032K, used 133072K [0x0000000081e00000, 0x0000000100000000)
  region size 1024K, 11 young (11264K), 11 survivors (11264K)
 Metaspace       used 6360K, committed 6528K, reserved 1056768K
  class space    used 625K, committed 704K, reserved 1048576K
}
Event: 8.908 GC heap before
{Heap before GC invocations=18 (full 0):
 garbage-first heap   total 300032K, used 243664K [0x0000000081e00000, 0x0000000100000000)
  region size 1024K, 119 young (121856K), 11 survivors (11264K)
 Metaspace       used 6360K, committed 6528K, reserved 1056768K
  class space    used 625K, committed 704K, reserved 1048576K
}
Event: 8.916 GC heap after
{Heap after GC invocations=19 (full 0):
 garbage-first heap   total 300032K, used 142334K [0x0000000081e00000, 0x0000000100000000)
  region size 1024K, 10 young (10240K), 10 survivors (10240K)
 Metaspace       used 6360K, committed 6528K, reserved 1056768K
  class space    used 625K, committed 704K, reserved 1048576K
}
Event: 9.263 GC heap before
{Heap before GC invocations=19 (full 0):
 garbage-first heap   total 300032K, used 244734K [0x0000000081e00000, 0x0000000100000000)
  region size 1024K, 110 young (112640K), 10 survivors (10240K)
 Metaspace       used 6360K, committed 6528K, reserved 1056768K
  class space    used 625K, committed 704K, reserved 1048576K
}
Event: 9.270 GC heap after
{Heap after GC invocations=20 (full 0):
 garbage-first heap   total 300032K, used 152497K [0x0000000081e00000, 0x0000000100000000)
  region size 1024K, 9 young (9216K), 9 survivors (9216K)
 Metaspace       used 6360K, committed 6528K, reserved 1056768K
  class space    used 625K, committed 704K, reserved 1048576K
}
Event: 9.546 GC heap before
{Heap before GC invocations=20 (full 0):
 garbage-first heap   total 300032K, used 247729K [0x0000000081e00000, 0x0000000100000000)
  region size 1024K, 102 young (104448K), 9 survivors (9216K)
 Metaspace       used 6362K, committed 6528K, reserved 1056768K
  class space    used 625K, committed 704K, reserved 1048576K
}
Event: 9.554 GC heap after
{Heap after GC invocations=21 (full 0):
 garbage-first heap   total 300032K, used 159514K [0x0000000081e00000, 0x0000000100000000)
  region size 1024K, 7 young (7168K), 7 survivors (7168K)
 Metaspace       used 6362K, committed 6528K, reserved 1056768K
  class space    used 625K, committed 704K, reserved 1048576K
}
Event: 10.226 GC heap before
{Heap before GC invocations=22 (full 0):
 garbage-first heap   total 317440K, used 249626K [0x0000000081e00000, 0x0000000100000000)
  region size 1024K, 95 young (97280K), 7 survivors (7168K)
 Metaspace       used 6365K, committed 6528K, reserved 1056768K
  class space    used 625K, committed 704K, reserved 1048576K
}
Event: 10.231 GC heap after
{Heap after GC invocations=23 (full 0):
 garbage-first heap   total 317440K, used 160945K [0x0000000081e00000, 0x0000000100000000)
  region size 1024K, 2 young (2048K), 2 survivors (2048K)
 Metaspace       used 6365K, committed 6528K, reserved 1056768K
  class space    used 625K, committed 704K, reserved 1048576K
}
Event: 10.267 GC heap before
{Heap before GC invocations=23 (full 0):
 garbage-first heap   total 317440K, used 174257K [0x0000000081e00000, 0x0000000100000000)
  region size 1024K, 15 young (15360K), 2 survivors (2048K)
 Metaspace       used 6365K, committed 6528K, reserved 1056768K
  class space    used 625K, committed 704K, reserved 1048576K
}
Event: 10.269 GC heap after
{Heap after GC invocations=24 (full 0):
 garbage-first heap   total 317440K, used 158546K [0x0000000081e00000, 0x0000000100000000)
  region size 1024K, 1 young (1024K), 1 survivors (1024K)
 Metaspace       used 6365K, committed 6528K, reserved 1056768K
  class space    used 625K, committed 704K, reserved 1048576K
}
Event: 10.502 GC heap before
{Heap before GC invocations=24 (full 0):
 garbage-first heap   total 317440K, used 266066K [0x0000000081e00000, 0x0000000100000000)
  region size 1024K, 106 young (108544K), 1 survivors (1024K)
 Metaspace       used 6371K, committed 6528K, reserved 1056768K
  class space    used 625K, committed 704K, reserved 1048576K
}

